<?xml version="1.0" encoding="UTF-8"?>
<!-- Generated by org.testng.reporters.JUnitReportReporter -->
<testsuite hostname="Dhanvi" failures="0" tests="1" name="interview.JavaScript" time="3.650" errors="0" timestamp="2024-10-20T17:54:32 IST" skipped="0">
  <testcase classname="interview.JavaScript" name="loginTest" time="3.650"/>
</testsuite> <!-- interview.JavaScript -->
