<?xml version="1.0" encoding="UTF-8"?>
<!-- Generated by org.testng.reporters.JUnitReportReporter -->
<testsuite hostname="Dhanvi" failures="0" tests="1" name="interview.AllLinks" time="6.651" errors="0" timestamp="2024-10-23T21:16:33 IST" skipped="0">
  <testcase classname="interview.AllLinks" name="linktest" time="6.651"/>
</testsuite> <!-- interview.AllLinks -->
