<?xml version="1.0" encoding="UTF-8"?>
<!-- Generated by org.testng.reporters.JUnitReportReporter -->
<testsuite hostname="Dhanvi" failures="0" tests="2" name="practicee.VtigerCrm" time="10.568" errors="0" timestamp="2024-10-24T15:14:18 IST" skipped="1">
  <testcase classname="practicee.VtigerCrm" name="dropdown" time="10.568"/>
  <testcase classname="practicee.VtigerCrm" name="loginTest">
    <skipped/>
  </testcase> <!-- loginTest -->
</testsuite> <!-- practicee.VtigerCrm -->
