<?xml version="1.0" encoding="UTF-8"?>
<!-- Generated by org.testng.reporters.JUnitReportReporter -->
<testsuite hostname="Dhanvi" failures="0" tests="1" name="interview.Scrnshot" time="4.153" errors="0" timestamp="2024-10-20T20:16:36 IST" skipped="0">
  <testcase classname="interview.Scrnshot" name="scrshotTest" time="4.153"/>
</testsuite> <!-- interview.Scrnshot -->
