<?xml version="1.0" encoding="UTF-8"?>
<!-- Generated by org.testng.reporters.JUnitReportReporter -->
<testsuite hostname="Dhanvi" failures="0" tests="1" name="practicee.ValidateFB" time="4.477" errors="0" timestamp="2024-10-22T21:55:11 IST" skipped="0">
  <testcase classname="practicee.ValidateFB" name="validataionTest" time="4.477"/>
</testsuite> <!-- practicee.ValidateFB -->
